Startpoint: _26682_ (rising edge-triggered flip-flop clocked by clk)
Endpoint: _26682_ (rising edge-triggered flip-flop clocked by clk)
Path Group: clk
Path Type: min

Fanout     Cap    Slew   Delay    Time   Description
-----------------------------------------------------------------------------
                  0.00    0.00    0.00   clock clk (rise edge)
                          0.00    0.00   clock network delay (ideal)
                  0.00    0.00    0.00 ^ _26682_/CLK (sky130_fd_sc_hd__dfxtp_1)
                  0.01    0.16    0.16 ^ _26682_/Q (sky130_fd_sc_hd__dfxtp_1)
     2    0.00                           cpuregs[0][13] (net)
                  0.01    0.00    0.16 ^ _15925_/A (sky130_fd_sc_hd__clkbuf_1)
                  0.03    0.04    0.20 ^ _15925_/X (sky130_fd_sc_hd__clkbuf_1)
     1    0.00                           _02848_ (net)
                  0.03    0.00    0.20 ^ _26682_/D (sky130_fd_sc_hd__dfxtp_1)
                                  0.20   data arrival time

                  0.00    0.00    0.00   clock clk (rise edge)
                          0.00    0.00   clock network delay (ideal)
                          0.00    0.00   clock reconvergence pessimism
                                  0.00 ^ _26682_/CLK (sky130_fd_sc_hd__dfxtp_1)
                         -0.02   -0.02   library hold time
                                 -0.02   data required time
-----------------------------------------------------------------------------
                                 -0.02   data required time
                                 -0.20   data arrival time
-----------------------------------------------------------------------------
                                  0.22   slack (MET)


Startpoint: _27860_ (rising edge-triggered flip-flop clocked by clk)
Endpoint: _27762_ (rising edge-triggered flip-flop clocked by clk)
Path Group: clk
Path Type: max

Fanout     Cap    Slew   Delay    Time   Description
-----------------------------------------------------------------------------
                  0.00    0.00    0.00   clock clk (rise edge)
                          0.00    0.00   clock network delay (ideal)
                  0.00    0.00    0.00 ^ _27860_/CLK (sky130_fd_sc_hd__dfxtp_1)
                  0.22    0.71    0.71 ^ _27860_/Q (sky130_fd_sc_hd__dfxtp_1)
     4    0.01                           irq_mask[1] (net)
                  0.22    0.00    0.71 ^ _13108_/A (sky130_vsdinv)
                  0.24    0.29    1.00 v _13108_/Y (sky130_vsdinv)
     6    0.03                           _10510_ (net)
                  0.24    0.00    1.00 v _13113_/A1 (sky130_fd_sc_hd__a221o_1)
                  0.11    0.66    1.66 v _13113_/X (sky130_fd_sc_hd__a221o_1)
     1    0.00                           _10515_ (net)
                  0.11    0.00    1.66 v _13132_/A (sky130_fd_sc_hd__or4_4)
                  0.14    1.04    2.70 v _13132_/X (sky130_fd_sc_hd__or4_4)
     1    0.00                           _10534_ (net)
                  0.14    0.00    2.70 v _13160_/A1 (sky130_fd_sc_hd__o2111a_1)
                  0.09    0.48    3.18 v _13160_/X (sky130_fd_sc_hd__o2111a_1)
     2    0.01                           _10562_ (net)
                  0.09    0.00    3.18 v _13161_/C (sky130_fd_sc_hd__or3_1)
                  0.18    0.78    3.96 v _13161_/X (sky130_fd_sc_hd__or3_1)
     2    0.01                           _10563_ (net)
                  0.18    0.00    3.96 v _13164_/A (sky130_fd_sc_hd__or2_1)
                  0.10    0.54    4.50 v _13164_/X (sky130_fd_sc_hd__or2_1)
     2    0.00                           _10565_ (net)
                  0.10    0.00    4.50 v _13165_/C (sky130_fd_sc_hd__or3_4)
                  0.16    0.73    5.23 v _13165_/X (sky130_fd_sc_hd__or3_4)
     4    0.02                           _10566_ (net)
                  0.16    0.00    5.23 v _13690_/B (sky130_fd_sc_hd__or2_2)
                  0.16    0.73    5.97 v _13690_/X (sky130_fd_sc_hd__or2_2)
     5    0.01                           _10910_ (net)
                  0.16    0.00    5.97 v _13691_/C (sky130_fd_sc_hd__or3_1)
                  0.16    0.78    6.74 v _13691_/X (sky130_fd_sc_hd__or3_1)
     2    0.00                           _10911_ (net)
                  0.16    0.00    6.75 v _13692_/B (sky130_fd_sc_hd__or2_2)
                  0.14    0.71    7.46 v _13692_/X (sky130_fd_sc_hd__or2_2)
     3    0.01                           _10912_ (net)
                  0.14    0.00    7.46 v _13693_/B (sky130_fd_sc_hd__or2_1)
                  0.10    0.49    7.94 v _13693_/X (sky130_fd_sc_hd__or2_1)
     2    0.00                           _10913_ (net)
                  0.10    0.00    7.94 v _13694_/B (sky130_fd_sc_hd__or2_2)
                  0.14    0.68    8.62 v _13694_/X (sky130_fd_sc_hd__or2_2)
     3    0.01                           _10914_ (net)
                  0.14    0.00    8.62 v _13695_/B (sky130_fd_sc_hd__or2_1)
                  0.12    0.51    9.13 v _13695_/X (sky130_fd_sc_hd__or2_1)
     2    0.00                           _10915_ (net)
                  0.12    0.00    9.13 v _13696_/B (sky130_fd_sc_hd__or2_1)
                  0.16    0.55    9.68 v _13696_/X (sky130_fd_sc_hd__or2_1)
     3    0.01                           _10916_ (net)
                  0.16    0.00    9.68 v _13697_/B (sky130_fd_sc_hd__or2_1)
                  0.12    0.52   10.20 v _13697_/X (sky130_fd_sc_hd__or2_1)
     2    0.00                           _10917_ (net)
                  0.12    0.00   10.20 v _13698_/B (sky130_fd_sc_hd__or2_1)
                  0.15    0.54   10.74 v _13698_/X (sky130_fd_sc_hd__or2_1)
     3    0.01                           _10918_ (net)
                  0.15    0.00   10.74 v _13699_/B (sky130_fd_sc_hd__or2_1)
                  0.12    0.51   11.25 v _13699_/X (sky130_fd_sc_hd__or2_1)
     2    0.00                           _10919_ (net)
                  0.12    0.00   11.25 v _13700_/B (sky130_fd_sc_hd__or2_1)
                  0.12    0.51   11.76 v _13700_/X (sky130_fd_sc_hd__or2_1)
     3    0.01                           _10920_ (net)
                  0.12    0.00   11.76 v _13701_/B (sky130_fd_sc_hd__or2_1)
                  0.12    0.51   12.27 v _13701_/X (sky130_fd_sc_hd__or2_1)
     2    0.01                           _10921_ (net)
                  0.12    0.00   12.27 v _13702_/B (sky130_fd_sc_hd__or2_1)
                  0.13    0.52   12.79 v _13702_/X (sky130_fd_sc_hd__or2_1)
     3    0.01                           _10922_ (net)
                  0.13    0.00   12.79 v _13703_/B (sky130_fd_sc_hd__or2_1)
                  0.07    0.43   13.23 v _13703_/X (sky130_fd_sc_hd__or2_1)
     2    0.00                           _10923_ (net)
                  0.07    0.00   13.23 v _13704_/B (sky130_fd_sc_hd__or2_2)
                  0.14    0.67   13.90 v _13704_/X (sky130_fd_sc_hd__or2_2)
     3    0.01                           _10924_ (net)
                  0.14    0.00   13.90 v _13705_/B (sky130_fd_sc_hd__or2_1)
                  0.12    0.51   14.41 v _13705_/X (sky130_fd_sc_hd__or2_1)
     2    0.00                           _10925_ (net)
                  0.12    0.00   14.41 v _13706_/B (sky130_fd_sc_hd__or2_2)
                  0.11    0.64   15.05 v _13706_/X (sky130_fd_sc_hd__or2_2)
     3    0.00                           _10926_ (net)
                  0.11    0.00   15.05 v _13707_/B (sky130_fd_sc_hd__or2_1)
                  0.12    0.51   15.55 v _13707_/X (sky130_fd_sc_hd__or2_1)
     2    0.01                           _10927_ (net)
                  0.12    0.00   15.55 v _13708_/B (sky130_fd_sc_hd__or2_2)
                  0.15    0.70   16.25 v _13708_/X (sky130_fd_sc_hd__or2_2)
     3    0.01                           _10928_ (net)
                  0.15    0.00   16.25 v _13709_/B (sky130_fd_sc_hd__or2_1)
                  0.10    0.48   16.74 v _13709_/X (sky130_fd_sc_hd__or2_1)
     2    0.00                           _10929_ (net)
                  0.10    0.00   16.74 v _13710_/B (sky130_fd_sc_hd__or2_2)
                  0.11    0.62   17.36 v _13710_/X (sky130_fd_sc_hd__or2_2)
     3    0.00                           _10930_ (net)
                  0.11    0.00   17.36 v _13711_/B (sky130_fd_sc_hd__or2_1)
                  0.12    0.50   17.86 v _13711_/X (sky130_fd_sc_hd__or2_1)
     2    0.00                           _10931_ (net)
                  0.12    0.00   17.86 v _13712_/B (sky130_fd_sc_hd__or2_1)
                  0.16    0.55   18.41 v _13712_/X (sky130_fd_sc_hd__or2_1)
     3    0.01                           _10932_ (net)
                  0.16    0.00   18.41 v _13713_/B (sky130_fd_sc_hd__or2_1)
                  0.09    0.49   18.89 v _13713_/X (sky130_fd_sc_hd__or2_1)
     2    0.00                           _10933_ (net)
                  0.09    0.00   18.89 v _13714_/B (sky130_fd_sc_hd__or2_1)
                  0.14    0.52   19.41 v _13714_/X (sky130_fd_sc_hd__or2_1)
     3    0.01                           _10934_ (net)
                  0.14    0.00   19.41 v _13715_/B (sky130_fd_sc_hd__or2_1)
                  0.12    0.51   19.93 v _13715_/X (sky130_fd_sc_hd__or2_1)
     2    0.00                           _10935_ (net)
                  0.12    0.00   19.93 v _13716_/B (sky130_fd_sc_hd__or2_1)
                  0.16    0.55   20.48 v _13716_/X (sky130_fd_sc_hd__or2_1)
     3    0.01                           _10936_ (net)
                  0.16    0.00   20.48 v _13717_/B (sky130_fd_sc_hd__or2_1)
                  0.10    0.49   20.97 v _13717_/X (sky130_fd_sc_hd__or2_1)
     2    0.00                           _10937_ (net)
                  0.10    0.00   20.97 v _13718_/B (sky130_fd_sc_hd__or2_2)
                  0.15    0.69   21.66 v _13718_/X (sky130_fd_sc_hd__or2_2)
     3    0.01                           _10938_ (net)
                  0.15    0.00   21.66 v _13719_/B (sky130_fd_sc_hd__or2_1)
                  0.12    0.51   22.17 v _13719_/X (sky130_fd_sc_hd__or2_1)
     2    0.00                           _10939_ (net)
                  0.12    0.00   22.17 v _13720_/B (sky130_fd_sc_hd__or2_2)
                  0.15    0.69   22.86 v _13720_/X (sky130_fd_sc_hd__or2_2)
     3    0.01                           _10940_ (net)
                  0.15    0.00   22.86 v _13721_/B (sky130_fd_sc_hd__or2_1)
                  0.11    0.51   23.37 v _13721_/X (sky130_fd_sc_hd__or2_1)
     2    0.00                           _10941_ (net)
                  0.11    0.00   23.37 v _13722_/B (sky130_fd_sc_hd__or2_2)
                  0.15    0.69   24.06 v _13722_/X (sky130_fd_sc_hd__or2_2)
     3    0.01                           _10942_ (net)
                  0.15    0.00   24.06 v _13723_/B (sky130_fd_sc_hd__or2_1)
                  0.11    0.50   24.57 v _13723_/X (sky130_fd_sc_hd__or2_1)
     2    0.00                           _10943_ (net)
                  0.11    0.00   24.57 v _13724_/B (sky130_fd_sc_hd__or2_1)
                  0.14    0.53   25.10 v _13724_/X (sky130_fd_sc_hd__or2_1)
     3    0.01                           _10944_ (net)
                  0.14    0.00   25.10 v _13725_/B (sky130_fd_sc_hd__or2_1)
                  0.12    0.51   25.61 v _13725_/X (sky130_fd_sc_hd__or2_1)
     2    0.00                           _10945_ (net)
                  0.12    0.00   25.61 v _13726_/B (sky130_fd_sc_hd__or2_1)
                  0.14    0.53   26.14 v _13726_/X (sky130_fd_sc_hd__or2_1)
     3    0.01                           _10946_ (net)
                  0.14    0.00   26.14 v _13727_/B (sky130_fd_sc_hd__or2_1)
                  0.12    0.52   26.65 v _13727_/X (sky130_fd_sc_hd__or2_1)
     2    0.01                           _10947_ (net)
                  0.12    0.00   26.65 v _13728_/B (sky130_fd_sc_hd__or2_2)
                  0.15    0.69   27.35 v _13728_/X (sky130_fd_sc_hd__or2_2)
     3    0.01                           _10948_ (net)
                  0.15    0.00   27.35 v _13729_/B (sky130_fd_sc_hd__or2_1)
                  0.12    0.51   27.86 v _13729_/X (sky130_fd_sc_hd__or2_1)
     2    0.00                           _10949_ (net)
                  0.12    0.00   27.86 v _13730_/B (sky130_fd_sc_hd__or2_2)
                  0.09    0.59   28.45 v _13730_/X (sky130_fd_sc_hd__or2_2)
     3    0.00                           _10950_ (net)
                  0.09    0.00   28.45 v _13731_/B (sky130_fd_sc_hd__or2_1)
                  0.12    0.50   28.95 v _13731_/X (sky130_fd_sc_hd__or2_1)
     2    0.01                           _10951_ (net)
                  0.12    0.00   28.95 v _13732_/B (sky130_fd_sc_hd__or2_2)
                  0.11    0.63   29.58 v _13732_/X (sky130_fd_sc_hd__or2_2)
     3    0.00                           _10952_ (net)
                  0.11    0.00   29.58 v _13733_/B (sky130_fd_sc_hd__or2_1)
                  0.10    0.48   30.07 v _13733_/X (sky130_fd_sc_hd__or2_1)
     2    0.00                           _10953_ (net)
                  0.10    0.00   30.07 v _13734_/B (sky130_fd_sc_hd__or2_2)
                  0.16    0.70   30.76 v _13734_/X (sky130_fd_sc_hd__or2_2)
     3    0.01                           _10954_ (net)
                  0.16    0.00   30.76 v _13735_/B (sky130_fd_sc_hd__or2_1)
                  0.12    0.52   31.28 v _13735_/X (sky130_fd_sc_hd__or2_1)
     2    0.00                           _10955_ (net)
                  0.12    0.00   31.28 v _13736_/B (sky130_fd_sc_hd__or2_1)
                  0.13    0.51   31.79 v _13736_/X (sky130_fd_sc_hd__or2_1)
     3    0.01                           _10956_ (net)
                  0.13    0.00   31.79 v _13737_/B (sky130_fd_sc_hd__or2_1)
                  0.11    0.50   32.29 v _13737_/X (sky130_fd_sc_hd__or2_1)
     2    0.00                           _10957_ (net)
                  0.11    0.00   32.29 v _13738_/B (sky130_fd_sc_hd__or2_1)
                  0.15    0.54   32.83 v _13738_/X (sky130_fd_sc_hd__or2_1)
     3    0.01                           _10958_ (net)
                  0.15    0.00   32.83 v _13739_/B (sky130_fd_sc_hd__or2_1)
                  0.12    0.51   33.34 v _13739_/X (sky130_fd_sc_hd__or2_1)
     2    0.00                           _10959_ (net)
                  0.12    0.00   33.34 v _13740_/B (sky130_fd_sc_hd__or2_1)
                  0.13    0.51   33.86 v _13740_/X (sky130_fd_sc_hd__or2_1)
     3    0.01                           _10960_ (net)
                  0.13    0.00   33.86 v _13741_/B (sky130_fd_sc_hd__or2_1)
                  0.07    0.43   34.29 v _13741_/X (sky130_fd_sc_hd__or2_1)
     2    0.00                           _10961_ (net)
                  0.07    0.00   34.29 v _13742_/B (sky130_fd_sc_hd__or2_2)
                  0.16    0.70   34.99 v _13742_/X (sky130_fd_sc_hd__or2_2)
     3    0.01                           _10962_ (net)
                  0.16    0.00   34.99 v _13743_/B (sky130_fd_sc_hd__or2_1)
                  0.11    0.51   35.50 v _13743_/X (sky130_fd_sc_hd__or2_1)
     2    0.00                           _10963_ (net)
                  0.11    0.00   35.50 v _13744_/B (sky130_fd_sc_hd__or2_1)
                  0.13    0.52   36.02 v _13744_/X (sky130_fd_sc_hd__or2_1)
     3    0.01                           _10964_ (net)
                  0.13    0.00   36.02 v _13745_/B (sky130_fd_sc_hd__or2_1)
                  0.12    0.50   36.52 v _13745_/X (sky130_fd_sc_hd__or2_1)
     2    0.00                           _10965_ (net)
                  0.12    0.00   36.52 v _13746_/B (sky130_fd_sc_hd__or2_2)
                  0.15    0.69   37.22 v _13746_/X (sky130_fd_sc_hd__or2_2)
     3    0.01                           _10966_ (net)
                  0.15    0.00   37.22 v _13747_/B (sky130_fd_sc_hd__or2_1)
                  0.11    0.51   37.72 v _13747_/X (sky130_fd_sc_hd__or2_1)
     2    0.00                           _10967_ (net)
                  0.11    0.00   37.72 v _13748_/B (sky130_fd_sc_hd__or2_2)
                  0.15    0.69   38.42 v _13748_/X (sky130_fd_sc_hd__or2_2)
     3    0.01                           _10968_ (net)
                  0.15    0.00   38.42 v _13749_/B (sky130_fd_sc_hd__or2_1)
                  0.12    0.51   38.93 v _13749_/X (sky130_fd_sc_hd__or2_1)
     2    0.00                           _10969_ (net)
                  0.12    0.00   38.93 v _13750_/B (sky130_fd_sc_hd__or2_2)
                  0.13    0.68   39.61 v _13750_/X (sky130_fd_sc_hd__or2_2)
     3    0.01                           _10970_ (net)
                  0.13    0.00   39.61 v _13751_/B (sky130_fd_sc_hd__or2_1)
                  0.12    0.51   40.12 v _13751_/X (sky130_fd_sc_hd__or2_1)
     2    0.01                           _10971_ (net)
                  0.12    0.00   40.12 v _13754_/B2 (sky130_fd_sc_hd__o221a_1)
                  0.09    0.40   40.52 v _13754_/X (sky130_fd_sc_hd__o221a_1)
     1    0.00                           _03928_ (net)
                  0.09    0.00   40.52 v _27762_/D (sky130_fd_sc_hd__dfxtp_1)
                                 40.52   data arrival time

                  0.00   24.73   24.73   clock clk (rise edge)
                          0.00   24.73   clock network delay (ideal)
                          0.00   24.73   clock reconvergence pessimism
                                 24.73 ^ _27762_/CLK (sky130_fd_sc_hd__dfxtp_1)
                         -0.29   24.44   library setup time
                                 24.44   data required time
-----------------------------------------------------------------------------
                                 24.44   data required time
                                -40.52   data arrival time
-----------------------------------------------------------------------------
                                -16.09   slack (VIOLATED)


