Startpoint: _26669_ (rising edge-triggered flip-flop clocked by clk)
Endpoint: _26669_ (rising edge-triggered flip-flop clocked by clk)
Path Group: clk
Path Type: min

Fanout     Cap    Slew   Delay    Time   Description
-----------------------------------------------------------------------------
                  0.00    0.00    0.00   clock clk (rise edge)
                          0.00    0.00   clock network delay (ideal)
                  0.00    0.00    0.00 ^ _26669_/CLK (sky130_fd_sc_hd__dfxtp_2)
                  0.03    0.18    0.18 ^ _26669_/Q (sky130_fd_sc_hd__dfxtp_2)
     2    0.00                           cpuregs[0][0] (net)
                  0.03    0.00    0.18 ^ _15938_/A (sky130_fd_sc_hd__buf_1)
                  0.02    0.04    0.23 ^ _15938_/X (sky130_fd_sc_hd__buf_1)
     1    0.00                           _02835_ (net)
                  0.02    0.00    0.23 ^ _26669_/D (sky130_fd_sc_hd__dfxtp_2)
                                  0.23   data arrival time

                  0.00    0.00    0.00   clock clk (rise edge)
                          0.00    0.00   clock network delay (ideal)
                          0.00    0.00   clock reconvergence pessimism
                                  0.00 ^ _26669_/CLK (sky130_fd_sc_hd__dfxtp_2)
                         -0.02   -0.02   library hold time
                                 -0.02   data required time
-----------------------------------------------------------------------------
                                 -0.02   data required time
                                 -0.23   data arrival time
-----------------------------------------------------------------------------
                                  0.24   slack (MET)


Startpoint: _27860_ (rising edge-triggered flip-flop clocked by clk)
Endpoint: _27762_ (rising edge-triggered flip-flop clocked by clk)
Path Group: clk
Path Type: max

Fanout     Cap    Slew   Delay    Time   Description
-----------------------------------------------------------------------------
                  0.00    0.00    0.00   clock clk (rise edge)
                          0.00    0.00   clock network delay (ideal)
                  0.00    0.00    0.00 ^ _27860_/CLK (sky130_fd_sc_hd__dfxtp_2)
                  0.10    0.64    0.64 ^ _27860_/Q (sky130_fd_sc_hd__dfxtp_2)
     4    0.01                           irq_mask[1] (net)
                  0.10    0.00    0.64 ^ _13108_/A (sky130_vsdinv)
                  0.13    0.15    0.79 v _13108_/Y (sky130_vsdinv)
     6    0.01                           _10510_ (net)
                  0.13    0.00    0.79 v _13113_/A1 (sky130_fd_sc_hd__a221o_2)
                  0.08    0.65    1.44 v _13113_/X (sky130_fd_sc_hd__a221o_2)
     1    0.00                           _10515_ (net)
                  0.08    0.00    1.44 v _13132_/A (sky130_fd_sc_hd__or4_2)
                  0.21    1.53    2.98 v _13132_/X (sky130_fd_sc_hd__or4_2)
     1    0.00                           _10534_ (net)
                  0.21    0.00    2.98 v _13160_/A1 (sky130_fd_sc_hd__o2111a_2)
                  0.07    0.54    3.52 v _13160_/X (sky130_fd_sc_hd__o2111a_2)
     2    0.00                           _10562_ (net)
                  0.07    0.00    3.52 v _13161_/C (sky130_fd_sc_hd__or3_2)
                  0.17    0.97    4.48 v _13161_/X (sky130_fd_sc_hd__or3_2)
     2    0.00                           _10563_ (net)
                  0.17    0.00    4.48 v _13164_/A (sky130_fd_sc_hd__or2_2)
                  0.11    0.69    5.18 v _13164_/X (sky130_fd_sc_hd__or2_2)
     2    0.00                           _10565_ (net)
                  0.11    0.00    5.18 v _13165_/C (sky130_fd_sc_hd__or3_2)
                  0.20    1.03    6.21 v _13165_/X (sky130_fd_sc_hd__or3_2)
     4    0.01                           _10566_ (net)
                  0.20    0.00    6.21 v _13690_/B (sky130_fd_sc_hd__or2_2)
                  0.15    0.73    6.94 v _13690_/X (sky130_fd_sc_hd__or2_2)
     5    0.01                           _10910_ (net)
                  0.15    0.00    6.94 v _13691_/C (sky130_fd_sc_hd__or3_2)
                  0.17    1.00    7.94 v _13691_/X (sky130_fd_sc_hd__or3_2)
     2    0.00                           _10911_ (net)
                  0.17    0.00    7.94 v _13692_/B (sky130_fd_sc_hd__or2_2)
                  0.14    0.70    8.64 v _13692_/X (sky130_fd_sc_hd__or2_2)
     3    0.01                           _10912_ (net)
                  0.14    0.00    8.64 v _13693_/B (sky130_fd_sc_hd__or2_2)
                  0.12    0.65    9.29 v _13693_/X (sky130_fd_sc_hd__or2_2)
     2    0.00                           _10913_ (net)
                  0.12    0.00    9.29 v _13694_/B (sky130_fd_sc_hd__or2_2)
                  0.14    0.68    9.97 v _13694_/X (sky130_fd_sc_hd__or2_2)
     3    0.01                           _10914_ (net)
                  0.14    0.00    9.97 v _13695_/B (sky130_fd_sc_hd__or2_2)
                  0.12    0.65   10.62 v _13695_/X (sky130_fd_sc_hd__or2_2)
     2    0.00                           _10915_ (net)
                  0.12    0.00   10.62 v _13696_/B (sky130_fd_sc_hd__or2_2)
                  0.14    0.68   11.30 v _13696_/X (sky130_fd_sc_hd__or2_2)
     3    0.01                           _10916_ (net)
                  0.14    0.00   11.30 v _13697_/B (sky130_fd_sc_hd__or2_2)
                  0.12    0.65   11.95 v _13697_/X (sky130_fd_sc_hd__or2_2)
     2    0.00                           _10917_ (net)
                  0.12    0.00   11.95 v _13698_/B (sky130_fd_sc_hd__or2_2)
                  0.14    0.68   12.63 v _13698_/X (sky130_fd_sc_hd__or2_2)
     3    0.01                           _10918_ (net)
                  0.14    0.00   12.63 v _13699_/B (sky130_fd_sc_hd__or2_2)
                  0.12    0.65   13.28 v _13699_/X (sky130_fd_sc_hd__or2_2)
     2    0.00                           _10919_ (net)
                  0.12    0.00   13.28 v _13700_/B (sky130_fd_sc_hd__or2_2)
                  0.14    0.68   13.96 v _13700_/X (sky130_fd_sc_hd__or2_2)
     3    0.01                           _10920_ (net)
                  0.14    0.00   13.96 v _13701_/B (sky130_fd_sc_hd__or2_2)
                  0.12    0.65   14.61 v _13701_/X (sky130_fd_sc_hd__or2_2)
     2    0.00                           _10921_ (net)
                  0.12    0.00   14.61 v _13702_/B (sky130_fd_sc_hd__or2_2)
                  0.14    0.68   15.29 v _13702_/X (sky130_fd_sc_hd__or2_2)
     3    0.01                           _10922_ (net)
                  0.14    0.00   15.29 v _13703_/B (sky130_fd_sc_hd__or2_2)
                  0.12    0.65   15.94 v _13703_/X (sky130_fd_sc_hd__or2_2)
     2    0.00                           _10923_ (net)
                  0.12    0.00   15.94 v _13704_/B (sky130_fd_sc_hd__or2_2)
                  0.14    0.68   16.62 v _13704_/X (sky130_fd_sc_hd__or2_2)
     3    0.01                           _10924_ (net)
                  0.14    0.00   16.62 v _13705_/B (sky130_fd_sc_hd__or2_2)
                  0.12    0.65   17.27 v _13705_/X (sky130_fd_sc_hd__or2_2)
     2    0.00                           _10925_ (net)
                  0.12    0.00   17.27 v _13706_/B (sky130_fd_sc_hd__or2_2)
                  0.14    0.68   17.95 v _13706_/X (sky130_fd_sc_hd__or2_2)
     3    0.01                           _10926_ (net)
                  0.14    0.00   17.95 v _13707_/B (sky130_fd_sc_hd__or2_2)
                  0.12    0.65   18.60 v _13707_/X (sky130_fd_sc_hd__or2_2)
     2    0.00                           _10927_ (net)
                  0.12    0.00   18.60 v _13708_/B (sky130_fd_sc_hd__or2_2)
                  0.14    0.68   19.28 v _13708_/X (sky130_fd_sc_hd__or2_2)
     3    0.01                           _10928_ (net)
                  0.14    0.00   19.28 v _13709_/B (sky130_fd_sc_hd__or2_2)
                  0.12    0.65   19.93 v _13709_/X (sky130_fd_sc_hd__or2_2)
     2    0.00                           _10929_ (net)
                  0.12    0.00   19.93 v _13710_/B (sky130_fd_sc_hd__or2_2)
                  0.14    0.68   20.61 v _13710_/X (sky130_fd_sc_hd__or2_2)
     3    0.01                           _10930_ (net)
                  0.14    0.00   20.61 v _13711_/B (sky130_fd_sc_hd__or2_2)
                  0.12    0.65   21.26 v _13711_/X (sky130_fd_sc_hd__or2_2)
     2    0.00                           _10931_ (net)
                  0.12    0.00   21.26 v _13712_/B (sky130_fd_sc_hd__or2_2)
                  0.14    0.68   21.94 v _13712_/X (sky130_fd_sc_hd__or2_2)
     3    0.01                           _10932_ (net)
                  0.14    0.00   21.94 v _13713_/B (sky130_fd_sc_hd__or2_2)
                  0.12    0.65   22.59 v _13713_/X (sky130_fd_sc_hd__or2_2)
     2    0.00                           _10933_ (net)
                  0.12    0.00   22.59 v _13714_/B (sky130_fd_sc_hd__or2_2)
                  0.14    0.68   23.27 v _13714_/X (sky130_fd_sc_hd__or2_2)
     3    0.01                           _10934_ (net)
                  0.14    0.00   23.27 v _13715_/B (sky130_fd_sc_hd__or2_2)
                  0.12    0.65   23.92 v _13715_/X (sky130_fd_sc_hd__or2_2)
     2    0.00                           _10935_ (net)
                  0.12    0.00   23.92 v _13716_/B (sky130_fd_sc_hd__or2_2)
                  0.14    0.68   24.60 v _13716_/X (sky130_fd_sc_hd__or2_2)
     3    0.01                           _10936_ (net)
                  0.14    0.00   24.60 v _13717_/B (sky130_fd_sc_hd__or2_2)
                  0.12    0.65   25.25 v _13717_/X (sky130_fd_sc_hd__or2_2)
     2    0.00                           _10937_ (net)
                  0.12    0.00   25.25 v _13718_/B (sky130_fd_sc_hd__or2_2)
                  0.14    0.68   25.94 v _13718_/X (sky130_fd_sc_hd__or2_2)
     3    0.01                           _10938_ (net)
                  0.14    0.00   25.94 v _13719_/B (sky130_fd_sc_hd__or2_2)
                  0.12    0.65   26.58 v _13719_/X (sky130_fd_sc_hd__or2_2)
     2    0.00                           _10939_ (net)
                  0.12    0.00   26.58 v _13720_/B (sky130_fd_sc_hd__or2_2)
                  0.14    0.68   27.27 v _13720_/X (sky130_fd_sc_hd__or2_2)
     3    0.01                           _10940_ (net)
                  0.14    0.00   27.27 v _13721_/B (sky130_fd_sc_hd__or2_2)
                  0.12    0.65   27.91 v _13721_/X (sky130_fd_sc_hd__or2_2)
     2    0.00                           _10941_ (net)
                  0.12    0.00   27.91 v _13722_/B (sky130_fd_sc_hd__or2_2)
                  0.14    0.68   28.60 v _13722_/X (sky130_fd_sc_hd__or2_2)
     3    0.01                           _10942_ (net)
                  0.14    0.00   28.60 v _13723_/B (sky130_fd_sc_hd__or2_2)
                  0.12    0.65   29.25 v _13723_/X (sky130_fd_sc_hd__or2_2)
     2    0.00                           _10943_ (net)
                  0.12    0.00   29.25 v _13724_/B (sky130_fd_sc_hd__or2_2)
                  0.14    0.68   29.93 v _13724_/X (sky130_fd_sc_hd__or2_2)
     3    0.01                           _10944_ (net)
                  0.14    0.00   29.93 v _13725_/B (sky130_fd_sc_hd__or2_2)
                  0.12    0.65   30.58 v _13725_/X (sky130_fd_sc_hd__or2_2)
     2    0.00                           _10945_ (net)
                  0.12    0.00   30.58 v _13726_/B (sky130_fd_sc_hd__or2_2)
                  0.14    0.68   31.26 v _13726_/X (sky130_fd_sc_hd__or2_2)
     3    0.01                           _10946_ (net)
                  0.14    0.00   31.26 v _13727_/B (sky130_fd_sc_hd__or2_2)
                  0.12    0.65   31.91 v _13727_/X (sky130_fd_sc_hd__or2_2)
     2    0.00                           _10947_ (net)
                  0.12    0.00   31.91 v _13728_/B (sky130_fd_sc_hd__or2_2)
                  0.14    0.68   32.59 v _13728_/X (sky130_fd_sc_hd__or2_2)
     3    0.01                           _10948_ (net)
                  0.14    0.00   32.59 v _13729_/B (sky130_fd_sc_hd__or2_2)
                  0.12    0.65   33.24 v _13729_/X (sky130_fd_sc_hd__or2_2)
     2    0.00                           _10949_ (net)
                  0.12    0.00   33.24 v _13730_/B (sky130_fd_sc_hd__or2_2)
                  0.14    0.68   33.92 v _13730_/X (sky130_fd_sc_hd__or2_2)
     3    0.01                           _10950_ (net)
                  0.14    0.00   33.92 v _13731_/B (sky130_fd_sc_hd__or2_2)
                  0.12    0.65   34.57 v _13731_/X (sky130_fd_sc_hd__or2_2)
     2    0.00                           _10951_ (net)
                  0.12    0.00   34.57 v _13732_/B (sky130_fd_sc_hd__or2_2)
                  0.14    0.68   35.25 v _13732_/X (sky130_fd_sc_hd__or2_2)
     3    0.01                           _10952_ (net)
                  0.14    0.00   35.25 v _13733_/B (sky130_fd_sc_hd__or2_2)
                  0.12    0.65   35.90 v _13733_/X (sky130_fd_sc_hd__or2_2)
     2    0.00                           _10953_ (net)
                  0.12    0.00   35.90 v _13734_/B (sky130_fd_sc_hd__or2_2)
                  0.14    0.68   36.58 v _13734_/X (sky130_fd_sc_hd__or2_2)
     3    0.01                           _10954_ (net)
                  0.14    0.00   36.58 v _13735_/B (sky130_fd_sc_hd__or2_2)
                  0.12    0.65   37.23 v _13735_/X (sky130_fd_sc_hd__or2_2)
     2    0.00                           _10955_ (net)
                  0.12    0.00   37.23 v _13736_/B (sky130_fd_sc_hd__or2_2)
                  0.14    0.68   37.91 v _13736_/X (sky130_fd_sc_hd__or2_2)
     3    0.01                           _10956_ (net)
                  0.14    0.00   37.91 v _13737_/B (sky130_fd_sc_hd__or2_2)
                  0.12    0.65   38.56 v _13737_/X (sky130_fd_sc_hd__or2_2)
     2    0.00                           _10957_ (net)
                  0.12    0.00   38.56 v _13738_/B (sky130_fd_sc_hd__or2_2)
                  0.14    0.68   39.24 v _13738_/X (sky130_fd_sc_hd__or2_2)
     3    0.01                           _10958_ (net)
                  0.14    0.00   39.24 v _13739_/B (sky130_fd_sc_hd__or2_2)
                  0.12    0.65   39.89 v _13739_/X (sky130_fd_sc_hd__or2_2)
     2    0.00                           _10959_ (net)
                  0.12    0.00   39.89 v _13740_/B (sky130_fd_sc_hd__or2_2)
                  0.14    0.68   40.57 v _13740_/X (sky130_fd_sc_hd__or2_2)
     3    0.01                           _10960_ (net)
                  0.14    0.00   40.57 v _13741_/B (sky130_fd_sc_hd__or2_2)
                  0.12    0.65   41.22 v _13741_/X (sky130_fd_sc_hd__or2_2)
     2    0.00                           _10961_ (net)
                  0.12    0.00   41.22 v _13742_/B (sky130_fd_sc_hd__or2_2)
                  0.14    0.68   41.90 v _13742_/X (sky130_fd_sc_hd__or2_2)
     3    0.01                           _10962_ (net)
                  0.14    0.00   41.90 v _13743_/B (sky130_fd_sc_hd__or2_2)
                  0.12    0.65   42.55 v _13743_/X (sky130_fd_sc_hd__or2_2)
     2    0.00                           _10963_ (net)
                  0.12    0.00   42.55 v _13744_/B (sky130_fd_sc_hd__or2_2)
                  0.14    0.68   43.23 v _13744_/X (sky130_fd_sc_hd__or2_2)
     3    0.01                           _10964_ (net)
                  0.14    0.00   43.23 v _13745_/B (sky130_fd_sc_hd__or2_2)
                  0.12    0.65   43.88 v _13745_/X (sky130_fd_sc_hd__or2_2)
     2    0.00                           _10965_ (net)
                  0.12    0.00   43.88 v _13746_/B (sky130_fd_sc_hd__or2_2)
                  0.14    0.68   44.56 v _13746_/X (sky130_fd_sc_hd__or2_2)
     3    0.01                           _10966_ (net)
                  0.14    0.00   44.56 v _13747_/B (sky130_fd_sc_hd__or2_2)
                  0.12    0.65   45.21 v _13747_/X (sky130_fd_sc_hd__or2_2)
     2    0.00                           _10967_ (net)
                  0.12    0.00   45.21 v _13748_/B (sky130_fd_sc_hd__or2_2)
                  0.14    0.68   45.89 v _13748_/X (sky130_fd_sc_hd__or2_2)
     3    0.01                           _10968_ (net)
                  0.14    0.00   45.89 v _13749_/B (sky130_fd_sc_hd__or2_2)
                  0.12    0.65   46.54 v _13749_/X (sky130_fd_sc_hd__or2_2)
     2    0.00                           _10969_ (net)
                  0.12    0.00   46.54 v _13750_/B (sky130_fd_sc_hd__or2_2)
                  0.14    0.68   47.22 v _13750_/X (sky130_fd_sc_hd__or2_2)
     3    0.01                           _10970_ (net)
                  0.14    0.00   47.22 v _13751_/B (sky130_fd_sc_hd__or2_2)
                  0.12    0.66   47.88 v _13751_/X (sky130_fd_sc_hd__or2_2)
     2    0.00                           _10971_ (net)
                  0.12    0.00   47.88 v _13754_/B2 (sky130_fd_sc_hd__o221a_2)
                  0.07    0.44   48.32 v _13754_/X (sky130_fd_sc_hd__o221a_2)
     1    0.00                           _03928_ (net)
                  0.07    0.00   48.32 v _27762_/D (sky130_fd_sc_hd__dfxtp_2)
                                 48.32   data arrival time

                  0.00   24.73   24.73   clock clk (rise edge)
                          0.00   24.73   clock network delay (ideal)
                          0.00   24.73   clock reconvergence pessimism
                                 24.73 ^ _27762_/CLK (sky130_fd_sc_hd__dfxtp_2)
                         -0.29   24.44   library setup time
                                 24.44   data required time
-----------------------------------------------------------------------------
                                 24.44   data required time
                                -48.32   data arrival time
-----------------------------------------------------------------------------
                                -23.89   slack (VIOLATED)


