0-prep 0h0m1s218ms
1-yosys 0h1m19s848ms
2-opensta 0h0m2s692ms
3-opensta 0h0m2s603ms
4-verilog2def_openroad 0h0m2s787ms
5-ioPlacer 0h0m2s90ms
6-replace 0h0m18s874ms
8-opensta 0h0m2s573ms
9-verilog2def_openroad 0h0m2s679ms
10-ioPlacer 0h0m2s137ms
11-replace 0h0m19s152ms
12-tapcell 0h0m3s322ms
13-replace 0h0m18s876ms
13-resizer 0h0m17s373ms
14-write_verilog 0h0m2s113ms
15-opensta_post_resizer 0h0m2s541ms
16-opendp 0h0m4s362ms
17-klayout_scrot 0h0m9s68ms
18-cts 0h3m17s350ms
19-write_verilog 0h0m2s69ms
20-klayout_scrot 0h0m8s204ms
21-pdn 0h0m6s419ms
22-fastroute 0h0m21s190ms
23-addspacers 0h0m2s554ms
24-write_verilog 0h0m2s766ms
25-tritonRoute 0h21m27s326ms
26-klayout_scrot 0h0m18s271ms
27-spef_extraction 0h0m42s610ms
28-prep 0h0m2s378ms
0h0m2s291ms
28-opensta_spef 0h0m10s174ms
29-opensta 0h0m2s533ms
30-verilog2def_openroad 0h0m2s864ms
31-ioPlacer 0h0m2s86ms
32-replace 0h0m18s293ms